   Compiling onion v0.1.0 (/Users/adam/Documents/sandbox/game-jam/onion)
warning: unused import: `OpInfo`
 --> src/parser.rs:1:38
  |
1 | use crate::context::{Assoc, Context, OpInfo};
  |                                      ^^^^^^
  |
  = note: `#[warn(unused_imports)]` on by default

warning: unused import: `is_not`
 --> src/parser.rs:7:23
  |
7 |     bytes::complete::{is_not, tag, take_while1, escaped_transform},
  |                       ^^^^^^

warning: unused import: `Source`
  --> src/stdlib/game.rs:10:62
   |
10 | use rodio::{Decoder, OutputStream, OutputStreamHandle, Sink, Source};
   |                                                              ^^^^^^

warning: variable does not need to be mutable
   --> src/parser.rs:241:20
    |
241 | fn pratt_parse<'a>(mut input: &'a str, ctx: &Context, min_bp: u8) -> IResult<&'a str, Expr> {
    |                    ----^^^^^
    |                    |
    |                    help: remove this `mut`
    |
    = note: `#[warn(unused_mut)]` on by default

warning: variable does not need to be mutable
   --> src/context.rs:155:29
    |
155 |                         let mut new_ctx = Context {
    |                             ----^^^^^^^
    |                             |
    |                             help: remove this `mut`

warning: variable `last` is assigned to, but never used
    --> src/stdlib/mod.rs:1125:25
     |
1125 |                 let mut last = Expr::Nil;
     |                         ^^^^
     |
     = note: consider using `_last` instead
     = note: `#[warn(unused_variables)]` on by default

warning: value assigned to `last` is never read
    --> src/stdlib/mod.rs:1127:21
     |
1127 |                     last = eval(expr.clone(), &mut module_ctx);
     |                     ^^^^
     |
     = help: maybe it is overwritten before being read?
     = note: `#[warn(unused_assignments)]` on by default

warning: variable does not need to be mutable
   --> src/stdlib/mod.rs:867:41
    |
867 | ...                   let mut new_ctx = env.clone();
    |                           ----^^^^^^^
    |                           |
    |                           help: remove this `mut`

warning: variable does not need to be mutable
   --> src/stdlib/mod.rs:900:37
    |
900 | ...                   let mut new_ctx = env.clone();
    |                           ----^^^^^^^
    |                           |
    |                           help: remove this `mut`

warning: `onion` (lib) generated 9 warnings (run `cargo fix --lib -p onion` to apply 7 suggestions)
    Finished `release` profile [optimized] target(s) in 3.50s
     Running `target/release/onion examples/life.onion`
